<?xml version="1.0" encoding="UTF-8"?>
<!-- Generated by org.testng.reporters.JUnitReportReporter -->
<testsuite hostname="DESKTOP-QVJEVT1" failures="0" tests="2" name="Streams" time="0.015" errors="0" timestamp="2024-11-08T08:50:51 IST" skipped="0">
  <testcase classname="Streams" name="map" time="0.010"/>
  <system-out/>
  <testcase classname="Streams" name="streamcollect" time="0.005"/>
  <system-out/>
</testsuite> <!-- Streams -->
